This is pdfTeX, Version 3.1415926-2.5-1.40.14 (TeX Live 2013) (format=pdflatex 2013.5.30)  13 DEC 2014 11:41
entering extended mode
 restricted \write18 enabled.
 file:line:error style messages enabled.
 %&-line parsing enabled.
**acm_proc_article-sp.cls
(./acm_proc_article-sp.cls
LaTeX2e <2011/06/27>
Babel <3.9f> and hyphenation patterns for 78 languages loaded.

./acm_proc_article-sp.cls:48: LaTeX Error: \usepackage before \documentclass.

See the LaTeX manual or LaTeX Companion for explanation.
Type  H <return>  for immediate help.
 ...                                              
                                                  
l.48 \usepackage{
                 epsfig}
? 
./acm_proc_article-sp.cls:48: Emergency stop.
 ...                                              
                                                  
l.48 \usepackage{
                 epsfig}
\usepackage may only appear in the document preamble, i.e.,
between \documentclass and \begin{document}.

 
Here is how much of TeX's memory you used:
 10 strings out of 493315
 346 string characters out of 6137904
 52158 words of memory out of 5000000
 3560 multiletter control sequences out of 15000+600000
 3640 words of font info for 14 fonts, out of 8000000 for 9000
 957 hyphenation exceptions out of 8191
 5i,0n,5p,151b,14s stack positions out of 5000i,500n,10000p,200000b,80000s
./acm_proc_article-sp.cls:48:  ==> Fatal error occurred, no output PDF file pro
duced!
